<?xml version="1.0" encoding="UTF-8"?>
<!-- Generated by org.testng.reporters.JUnitReportReporter -->
<testsuite skipped="0" hostname="DESKTOP-UNE8MP0" name="com.testscripts.gurukulApp.LoginTest" tests="2" failures="0" timestamp="02 Sep 2019 08:41:25 GMT" time="45.807" errors="0">
  <testcase name="verifyUserLoginWithValidCreds" time="21.450" classname="com.testscripts.gurukulApp.LoginTest"/>
  <testcase name="verifyUserLoginWithInValidCreds" time="24.357" classname="com.testscripts.gurukulApp.LoginTest"/>
</testsuite> <!-- com.testscripts.gurukulApp.LoginTest -->
