<?xml version="1.0" encoding="UTF-8"?>
<!-- Generated by org.testng.reporters.JUnitReportReporter -->
<testsuite skipped="1" hostname="DESKTOP-UNE8MP0" name="com.testscripts.gurukulApp.LoginTest" tests="3" failures="0" timestamp="31 Aug 2019 12:11:27 GMT" time="69.491" errors="0">
  <testcase name="verifyUserLoginWithValidCreds" time="22.523" classname="com.testscripts.gurukulApp.LoginTest">
    <skipped/>
  </testcase> <!-- verifyUserLoginWithValidCreds -->
  <testcase name="verifyUserLoginWithValidCreds" time="24.147" classname="com.testscripts.gurukulApp.LoginTest"/>
  <testcase name="verifyUserLoginWithInValidCreds" time="22.821" classname="com.testscripts.gurukulApp.LoginTest"/>
</testsuite> <!-- com.testscripts.gurukulApp.LoginTest -->
