<?xml version="1.0" encoding="UTF-8"?>
<!-- Generated by org.testng.reporters.JUnitReportReporter -->
<testsuite skipped="0" hostname="DESKTOP-UNE8MP0" name="com.testscripts.gurukulApp.PaginationTest" tests="1" failures="0" timestamp="31 Aug 2019 12:11:27 GMT" time="279.231" errors="0">
  <testcase name="verifyPagination" time="279.231" classname="com.testscripts.gurukulApp.PaginationTest"/>
</testsuite> <!-- com.testscripts.gurukulApp.PaginationTest -->
