<?xml version="1.0" encoding="UTF-8"?>
<!-- Generated by org.testng.reporters.JUnitReportReporter -->
<testsuite skipped="1" hostname="DESKTOP-UNE8MP0" name="com.testscripts.gurukulApp.AccountTest" tests="3" failures="0" timestamp="02 Sep 2019 08:41:25 GMT" time="72.811" errors="0">
  <testcase name="verifyAccountMenuSettingsValidations" time="23.664" classname="com.testscripts.gurukulApp.AccountTest"/>
  <testcase name="verifyAccountMenuSettingsNotSavedError" time="17.960" classname="com.testscripts.gurukulApp.AccountTest">
    <skipped/>
  </testcase> <!-- verifyAccountMenuSettingsNotSavedError -->
  <testcase name="verifyAccountMenuSettingsNotSavedError" time="31.187" classname="com.testscripts.gurukulApp.AccountTest"/>
</testsuite> <!-- com.testscripts.gurukulApp.AccountTest -->
