<?xml version="1.0" encoding="UTF-8"?>
<!-- Generated by org.testng.reporters.JUnitReportReporter -->
<testsuite skipped="1" hostname="DESKTOP-UNE8MP0" name="com.testscripts.gurukulApp.DashboardTest" tests="5" failures="0" timestamp="02 Sep 2019 08:41:25 GMT" time="190.287" errors="0">
  <testcase name="verifyBranchEntityType" time="24.660" classname="com.testscripts.gurukulApp.DashboardTest"/>
  <testcase name="verifyStaffEntityType" time="32.927" classname="com.testscripts.gurukulApp.DashboardTest"/>
  <testcase name="verifyOperationsOfBranchEntityType" time="46.064" classname="com.testscripts.gurukulApp.DashboardTest"/>
  <testcase name="verifyOperationsOfStaffEntityType" time="66.275" classname="com.testscripts.gurukulApp.DashboardTest"/>
  <testcase name="verifyOperationsOfStaffEntityType" time="20.361" classname="com.testscripts.gurukulApp.DashboardTest">
    <skipped/>
  </testcase> <!-- verifyOperationsOfStaffEntityType -->
</testsuite> <!-- com.testscripts.gurukulApp.DashboardTest -->
