<?xml version="1.0" encoding="UTF-8"?>
<!-- Generated by org.testng.reporters.JUnitReportReporter -->
<testsuite skipped="2" hostname="DESKTOP-UNE8MP0" name="com.testscripts.gurukulApp.DashboardTest" tests="6" failures="0" timestamp="31 Aug 2019 12:11:27 GMT" time="208.979" errors="0">
  <testcase name="verifyBranchEntityType" time="22.502" classname="com.testscripts.gurukulApp.DashboardTest"/>
  <testcase name="verifyStaffEntityType" time="29.819" classname="com.testscripts.gurukulApp.DashboardTest"/>
  <testcase name="verifyOperationsOfBranchEntityType" time="17.507" classname="com.testscripts.gurukulApp.DashboardTest">
    <skipped/>
  </testcase> <!-- verifyOperationsOfBranchEntityType -->
  <testcase name="verifyOperationsOfBranchEntityType" time="18.771" classname="com.testscripts.gurukulApp.DashboardTest">
    <skipped/>
  </testcase> <!-- verifyOperationsOfBranchEntityType -->
  <testcase name="verifyOperationsOfBranchEntityType" time="48.813" classname="com.testscripts.gurukulApp.DashboardTest"/>
  <testcase name="verifyOperationsOfStaffEntityType" time="71.567" classname="com.testscripts.gurukulApp.DashboardTest"/>
</testsuite> <!-- com.testscripts.gurukulApp.DashboardTest -->
