<?xml version="1.0" encoding="UTF-8"?>
<!-- Generated by org.testng.reporters.JUnitReportReporter -->
<testsuite skipped="0" hostname="DESKTOP-UNE8MP0" name="com.testscripts.gurukulApp.AccountTest" tests="2" failures="0" timestamp="31 Aug 2019 12:11:27 GMT" time="54.958" errors="0">
  <testcase name="verifyAccountMenuSettingsValidations" time="21.743" classname="com.testscripts.gurukulApp.AccountTest"/>
  <testcase name="verifyAccountMenuSettingsNotSavedError" time="33.215" classname="com.testscripts.gurukulApp.AccountTest"/>
</testsuite> <!-- com.testscripts.gurukulApp.AccountTest -->
