<?xml version="1.0" encoding="UTF-8"?>
<!-- Generated by org.testng.reporters.JUnitReportReporter -->
<testsuite skipped="0" hostname="DESKTOP-UNE8MP0" name="com.testscripts.gurukulApp.PaginationTest" tests="1" failures="0" timestamp="02 Sep 2019 08:41:25 GMT" time="282.480" errors="0">
  <testcase name="verifyPagination" time="282.480" classname="com.testscripts.gurukulApp.PaginationTest"/>
</testsuite> <!-- com.testscripts.gurukulApp.PaginationTest -->
