<?xml version="1.0" encoding="UTF-8"?>
<!-- Generated by org.testng.reporters.JUnitReportReporter -->
<testsuite skipped="0" hostname="DESKTOP-UNE8MP0" name="com.testscripts.gurukulApp.RegisterAccountTest" tests="1" failures="0" timestamp="31 Aug 2019 12:11:27 GMT" time="20.000" errors="0">
  <testcase name="verifyRegisterAccountEnrollFailure" time="20.000" classname="com.testscripts.gurukulApp.RegisterAccountTest"/>
</testsuite> <!-- com.testscripts.gurukulApp.RegisterAccountTest -->
